2021-03-16 17:19:23.256  INFO 23592 --- [main] com.userJoin.UserServerApplication       : Starting UserServerApplication on USER-20190525CB with PID 23592 (F:\idea2020Project\redisMode\target\classes started by Administrator in F:\idea2020Project\redisMode)
2021-03-16 17:19:23.258  INFO 23592 --- [main] com.userJoin.UserServerApplication       : No active profile set, falling back to default profiles: default
2021-03-16 17:19:23.287  INFO 23592 --- [main] ationConfigEmbeddedWebApplicationContext : Refreshing org.springframework.boot.context.embedded.AnnotationConfigEmbeddedWebApplicationContext@36328d33: startup date [Tue Mar 16 17:19:23 CST 2021]; root of context hierarchy
2021-03-16 17:19:23.640  WARN 23592 --- [main] t.m.s.mapper.ClassPathMapperScanner      : No MyBatis mapper was found in '[com.userJoin]' package. Please check your configuration.
2021-03-16 17:19:23.648  WARN 23592 --- [main] o.m.s.mapper.ClassPathMapperScanner      : No MyBatis mapper was found in '[com.userJoin]' package. Please check your configuration.
2021-03-16 17:19:23.671  INFO 23592 --- [main] .s.d.r.c.RepositoryConfigurationDelegate : Multiple Spring Data modules found, entering strict repository configuration mode!
2021-03-16 17:19:23.737  INFO 23592 --- [main] o.s.i.config.IntegrationRegistrar        : No bean named 'integrationHeaderChannelRegistry' has been explicitly defined. Therefore, a default DefaultHeaderChannelRegistry will be created.
2021-03-16 17:19:23.890  INFO 23592 --- [main] faultConfiguringBeanFactoryPostProcessor : No bean named 'errorChannel' has been explicitly defined. Therefore, a default PublishSubscribeChannel will be created.
2021-03-16 17:19:23.895  INFO 23592 --- [main] faultConfiguringBeanFactoryPostProcessor : No bean named 'taskScheduler' has been explicitly defined. Therefore, a default ThreadPoolTaskScheduler will be created.
2021-03-16 17:19:24.021  INFO 23592 --- [main] trationDelegate$BeanPostProcessorChecker : Bean 'org.springframework.kafka.annotation.KafkaBootstrapConfiguration' of type [org.springframework.kafka.annotation.KafkaBootstrapConfiguration$$EnhancerBySpringCGLIB$$7f0ac7c3] is not eligible for getting processed by all BeanPostProcessors (for example: not eligible for auto-proxying)
2021-03-16 17:19:24.053  INFO 23592 --- [main] trationDelegate$BeanPostProcessorChecker : Bean 'org.springframework.transaction.annotation.ProxyTransactionManagementConfiguration' of type [org.springframework.transaction.annotation.ProxyTransactionManagementConfiguration$$EnhancerBySpringCGLIB$$ab58b640] is not eligible for getting processed by all BeanPostProcessors (for example: not eligible for auto-proxying)
2021-03-16 17:19:24.098  INFO 23592 --- [main] trationDelegate$BeanPostProcessorChecker : Bean 'integrationGlobalProperties' of type [org.springframework.beans.factory.config.PropertiesFactoryBean] is not eligible for getting processed by all BeanPostProcessors (for example: not eligible for auto-proxying)
2021-03-16 17:19:24.099  INFO 23592 --- [main] trationDelegate$BeanPostProcessorChecker : Bean 'integrationGlobalProperties' of type [java.util.Properties] is not eligible for getting processed by all BeanPostProcessors (for example: not eligible for auto-proxying)
2021-03-16 17:19:24.328  INFO 23592 --- [main] s.b.c.e.t.TomcatEmbeddedServletContainer : Tomcat initialized with port(s): 8882 (http)
2021-03-16 17:19:24.337  INFO 23592 --- [main] o.apache.catalina.core.StandardService   : Starting service [Tomcat]
2021-03-16 17:19:24.337  INFO 23592 --- [main] org.apache.catalina.core.StandardEngine  : Starting Servlet Engine: Apache Tomcat/8.5.16
2021-03-16 17:19:24.411  INFO 23592 --- [localhost-startStop-1] o.a.c.c.C.[Tomcat].[localhost].[/]       : Initializing Spring embedded WebApplicationContext
2021-03-16 17:19:24.411  INFO 23592 --- [localhost-startStop-1] o.s.web.context.ContextLoader            : Root WebApplicationContext: initialization completed in 1126 ms
2021-03-16 17:19:24.550  INFO 23592 --- [localhost-startStop-1] o.s.b.w.servlet.ServletRegistrationBean  : Mapping servlet: 'dispatcherServlet' to [/]
2021-03-16 17:19:24.553  INFO 23592 --- [localhost-startStop-1] o.s.b.w.servlet.FilterRegistrationBean   : Mapping filter: 'characterEncodingFilter' to: [/*]
2021-03-16 17:19:24.554  INFO 23592 --- [localhost-startStop-1] o.s.b.w.servlet.FilterRegistrationBean   : Mapping filter: 'hiddenHttpMethodFilter' to: [/*]
2021-03-16 17:19:24.554  INFO 23592 --- [localhost-startStop-1] o.s.b.w.servlet.FilterRegistrationBean   : Mapping filter: 'httpPutFormContentFilter' to: [/*]
2021-03-16 17:19:24.554  INFO 23592 --- [localhost-startStop-1] o.s.b.w.servlet.FilterRegistrationBean   : Mapping filter: 'requestContextFilter' to: [/*]
2021-03-16 17:19:24.870  INFO 23592 --- [main] s.w.s.m.m.a.RequestMappingHandlerAdapter : Looking for @ControllerAdvice: org.springframework.boot.context.embedded.AnnotationConfigEmbeddedWebApplicationContext@36328d33: startup date [Tue Mar 16 17:19:23 CST 2021]; root of context hierarchy
2021-03-16 17:19:24.921  INFO 23592 --- [main] s.w.s.m.m.a.RequestMappingHandlerMapping : Mapped "{[/common/getUserInfo]}" onto public byte[] com.userJoin.controller.CommonController.getUserInfo(com.userJoin.dto.GetUserInfodto)
2021-03-16 17:19:24.922  INFO 23592 --- [main] s.w.s.m.m.a.RequestMappingHandlerMapping : Mapped "{[/error]}" onto public org.springframework.http.ResponseEntity<java.util.Map<java.lang.String, java.lang.Object>> org.springframework.boot.autoconfigure.web.BasicErrorController.error(javax.servlet.http.HttpServletRequest)
2021-03-16 17:19:24.923  INFO 23592 --- [main] s.w.s.m.m.a.RequestMappingHandlerMapping : Mapped "{[/error],produces=[text/html]}" onto public org.springframework.web.servlet.ModelAndView org.springframework.boot.autoconfigure.web.BasicErrorController.errorHtml(javax.servlet.http.HttpServletRequest,javax.servlet.http.HttpServletResponse)
2021-03-16 17:19:24.964  INFO 23592 --- [main] o.s.w.s.handler.SimpleUrlHandlerMapping  : Mapped URL path [/webjars/**] onto handler of type [class org.springframework.web.servlet.resource.ResourceHttpRequestHandler]
2021-03-16 17:19:24.964  INFO 23592 --- [main] o.s.w.s.handler.SimpleUrlHandlerMapping  : Mapped URL path [/**] onto handler of type [class org.springframework.web.servlet.resource.ResourceHttpRequestHandler]
2021-03-16 17:19:25.010  INFO 23592 --- [main] o.s.w.s.handler.SimpleUrlHandlerMapping  : Mapped URL path [/**/favicon.ico] onto handler of type [class org.springframework.web.servlet.resource.ResourceHttpRequestHandler]
2021-03-16 17:19:25.180  INFO 23592 --- [main] t.m.m.autoconfigure.MapperCacheDisabler  : Clear tk.mybatis.mapper.util.MsUtil CLASS_CACHE cache.
2021-03-16 17:19:25.180  INFO 23592 --- [main] t.m.m.autoconfigure.MapperCacheDisabler  : Clear tk.mybatis.mapper.genid.GenIdUtil CACHE cache.
2021-03-16 17:19:25.180  INFO 23592 --- [main] t.m.m.autoconfigure.MapperCacheDisabler  : Clear tk.mybatis.mapper.version.VersionUtil CACHE cache.
2021-03-16 17:19:25.185  INFO 23592 --- [main] t.m.m.autoconfigure.MapperCacheDisabler  : Clear EntityHelper entityTableMap cache.
2021-03-16 17:19:25.541  INFO 23592 --- [main] o.s.s.c.ThreadPoolTaskScheduler          : Initializing ExecutorService  'taskScheduler'
2021-03-16 17:19:25.885  INFO 23592 --- [main] o.s.j.e.a.AnnotationMBeanExporter        : Registering beans for JMX exposure on startup
2021-03-16 17:19:25.891  INFO 23592 --- [main] o.s.c.support.DefaultLifecycleProcessor  : Starting beans in phase 0
2021-03-16 17:19:25.891  INFO 23592 --- [main] o.s.i.endpoint.EventDrivenConsumer       : Adding {logging-channel-adapter:_org.springframework.integration.errorLogger} as a subscriber to the 'errorChannel' channel
2021-03-16 17:19:25.891  INFO 23592 --- [main] o.s.i.channel.PublishSubscribeChannel    : Channel 'application:8882.errorChannel' has 1 subscriber(s).
2021-03-16 17:19:25.891  INFO 23592 --- [main] o.s.i.endpoint.EventDrivenConsumer       : started _org.springframework.integration.errorLogger
2021-03-16 17:19:25.892  INFO 23592 --- [main] o.s.c.support.DefaultLifecycleProcessor  : Starting beans in phase 2147483647
2021-03-16 17:19:25.922  INFO 23592 --- [main] s.b.c.e.t.TomcatEmbeddedServletContainer : Tomcat started on port(s): 8882 (http)
2021-03-16 17:19:25.925  INFO 23592 --- [main] com.userJoin.UserServerApplication       : Started UserServerApplication in 2.885 seconds (JVM running for 3.463)
2021-03-16 17:23:08.697  INFO 23592 --- [Thread-10] ationConfigEmbeddedWebApplicationContext : Closing org.springframework.boot.context.embedded.AnnotationConfigEmbeddedWebApplicationContext@36328d33: startup date [Tue Mar 16 17:19:23 CST 2021]; root of context hierarchy
2021-03-16 17:23:08.699  INFO 23592 --- [Thread-10] o.s.c.support.DefaultLifecycleProcessor  : Stopping beans in phase 2147483647
2021-03-16 17:23:08.699  INFO 23592 --- [Thread-10] o.s.c.support.DefaultLifecycleProcessor  : Stopping beans in phase 0
2021-03-16 17:23:08.700  INFO 23592 --- [Thread-10] o.s.i.endpoint.EventDrivenConsumer       : Removing {logging-channel-adapter:_org.springframework.integration.errorLogger} as a subscriber to the 'errorChannel' channel
2021-03-16 17:23:08.700  INFO 23592 --- [Thread-10] o.s.i.channel.PublishSubscribeChannel    : Channel 'application:8882.errorChannel' has 0 subscriber(s).
2021-03-16 17:23:08.700  INFO 23592 --- [Thread-10] o.s.i.endpoint.EventDrivenConsumer       : stopped _org.springframework.integration.errorLogger
2021-03-16 17:23:08.700  INFO 23592 --- [Thread-10] o.s.s.c.ThreadPoolTaskScheduler          : Shutting down ExecutorService 'taskScheduler'
2021-03-16 17:23:08.701  INFO 23592 --- [Thread-10] o.s.j.e.a.AnnotationMBeanExporter        : Unregistering JMX-exposed beans on shutdown
